<?xml version="1.0" encoding="UTF-8"?>
<testsuite name="sparta.project.ProjectApplicationTests" tests="1" skipped="0" failures="0" errors="0" timestamp="2024-05-17T10:24:57" hostname="LAPTOP-9J36H8TM" time="1.91">
  <properties/>
  <testcase name="contextLoads()" classname="sparta.project.ProjectApplicationTests" time="1.91"/>
  <system-out><![CDATA[19:24:51.706 [Test worker] INFO org.springframework.test.context.support.AnnotationConfigContextLoaderUtils -- Could not detect default configuration classes for test class [sparta.project.ProjectApplicationTests]: ProjectApplicationTests does not declare any static, non-private, non-final, nested classes annotated with @Configuration.
19:24:51.920 [Test worker] INFO org.springframework.boot.test.context.SpringBootTestContextBootstrapper -- Found @SpringBootConfiguration sparta.project.ProjectApplication for test class sparta.project.ProjectApplicationTests

  .   ____          _            __ _ _
 /\\ / ___'_ __ _ _(_)_ __  __ _ \ \ \ \
( ( )\___ | '_ | '_| | '_ \/ _` | \ \ \ \
 \\/  ___)| |_)| | | | | || (_| |  ) ) ) )
  '  |____| .__|_| |_|_| |_\__, | / / / /
 =========|_|==============|___/=/_/_/_/
 :: Spring Boot ::                (v3.2.5)

2024-05-17T19:24:53.538+09:00  INFO 17492 --- [project] [    Test worker] sparta.project.ProjectApplicationTests   : Starting ProjectApplicationTests using Java 17.0.11 with PID 17492 (started by 민규 in C:\Users\민규\IdeaProjects\project)
2024-05-17T19:24:53.542+09:00  INFO 17492 --- [project] [    Test worker] sparta.project.ProjectApplicationTests   : No active profile set, falling back to 1 default profile: "default"
2024-05-17T19:24:57.232+09:00  INFO 17492 --- [project] [    Test worker] sparta.project.ProjectApplicationTests   : Started ProjectApplicationTests in 4.751 seconds (process running for 10.629)
]]></system-out>
  <system-err><![CDATA[]]></system-err>
</testsuite>
